<?xml version="1.0" encoding="UTF-8"?>
<!-- Generated by org.testng.reporters.JUnitReportReporter -->
<testsuite hostname="DESKTOP-ASH3FGS" failures="0" tests="5" name="com.testng.DependentTestInTestNG" time="0.037" errors="0" timestamp="2024-11-19T15:18:37 IST" skipped="0">
  <testcase classname="com.testng.DependentTestInTestNG" name="login" time="0.017"/>
  <testcase classname="com.testng.DependentTestInTestNG" name="updatePrfoile" time="0.004"/>
  <testcase classname="com.testng.DependentTestInTestNG" name="deleteProfile" time="0.004"/>
  <testcase classname="com.testng.DependentTestInTestNG" name="logout" time="0.007"/>
  <testcase classname="com.testng.DependentTestInTestNG" name="createPorfile" time="0.005"/>
</testsuite> <!-- com.testng.DependentTestInTestNG -->
