<?xml version="1.0" encoding="UTF-8"?>
<!-- Generated by org.testng.reporters.JUnitReportReporter -->
<testsuite hostname="DESKTOP-ASH3FGS" failures="0" tests="5" name="com.testng.PriortiseTestInTestNG" time="0.027" errors="0" timestamp="2024-11-18T14:57:19 IST" skipped="0">
  <testcase classname="com.testng.PriortiseTestInTestNG" name="createPorfile" time="0.013"/>
  <testcase classname="com.testng.PriortiseTestInTestNG" name="updateProfile" time="0.004"/>
  <testcase classname="com.testng.PriortiseTestInTestNG" name="deleteProfile" time="0.003"/>
  <testcase classname="com.testng.PriortiseTestInTestNG" name="logout" time="0.004"/>
  <testcase classname="com.testng.PriortiseTestInTestNG" name="login" time="0.003"/>
</testsuite> <!-- com.testng.PriortiseTestInTestNG -->
