<?xml version="1.0" encoding="UTF-8"?>
<!-- Generated by org.testng.reporters.JUnitReportReporter -->
<testsuite hostname="DESKTOP-ASH3FGS" failures="0" tests="1" name="com.testng.TC02" time="0.003" errors="0" timestamp="2024-11-18T13:25:20 IST" skipped="0">
  <testcase classname="com.testng.TC02" name="tc02" time="0.003"/>
</testsuite> <!-- com.testng.TC02 -->
