<?xml version="1.0" encoding="UTF-8"?>
<!-- Generated by org.testng.reporters.JUnitReportReporter -->
<testsuite hostname="DESKTOP-ASH3FGS" failures="0" tests="1" name="com.testng.ParameteriseTestInTestNG" time="0.015" errors="0" timestamp="2024-11-18T19:53:36 IST" skipped="0">
  <testcase classname="com.testng.ParameteriseTestInTestNG" name="login" time="0.015"/>
</testsuite> <!-- com.testng.ParameteriseTestInTestNG -->
