<?xml version="1.0" encoding="UTF-8"?>
<!-- Generated by org.testng.reporters.JUnitReportReporter -->
<testsuite hostname="DESKTOP-ASH3FGS" failures="0" tests="1" name="com.testng.TestngTest" time="0.012" errors="0" timestamp="2024-11-23T16:31:42 IST" skipped="0">
  <testcase classname="com.testng.TestngTest" name="test" time="0.012"/>
</testsuite> <!-- com.testng.TestngTest -->
