<?xml version="1.0" encoding="UTF-8"?>
<!-- Generated by org.testng.reporters.JUnitReportReporter -->
<testsuite hostname="DESKTOP-ASH3FGS" failures="0" tests="2" name="com.testng.DataDriven" time="10.220" errors="0" timestamp="2024-11-23T17:07:44 IST" skipped="0">
  <testcase classname="com.testng.DataDriven" name="testFacebookSignUp" time="5.798"/>
  <testcase classname="com.testng.DataDriven" name="testFacebookSignUp" time="4.422"/>
</testsuite> <!-- com.testng.DataDriven -->
