<?xml version="1.0" encoding="UTF-8"?>
<!-- Generated by org.testng.reporters.JUnitReportReporter -->
<testsuite hostname="DESKTOP-ASH3FGS" failures="0" tests="1" name="com.testng.GmailSignUp" time="26.616" errors="0" timestamp="2024-11-24T12:09:26 IST" skipped="0">
  <testcase classname="com.testng.GmailSignUp" name="testGmailSignUp" time="26.616"/>
</testsuite> <!-- com.testng.GmailSignUp -->
