<?xml version="1.0" encoding="UTF-8"?>
<!-- Generated by org.testng.reporters.JUnitReportReporter -->
<testsuite hostname="DESKTOP-ASH3FGS" failures="0" tests="1" name="Projects.FlipkartAutomationTestNG" time="30.921" errors="0" timestamp="2024-11-21T14:39:38 IST" skipped="0">
  <testcase classname="Projects.FlipkartAutomationTestNG" name="testFlipkartAutomation" time="30.921"/>
</testsuite> <!-- Projects.FlipkartAutomationTestNG -->
