<?xml version="1.0" encoding="UTF-8"?>
<!-- Generated by org.testng.reporters.JUnitReportReporter -->
<testsuite hostname="DESKTOP-ASH3FGS" failures="0" tests="2" name="com.testng.TC01" time="0.028" errors="0" timestamp="2024-11-18T13:25:20 IST" skipped="0">
  <testcase classname="com.testng.TC01" name="Test" time="0.017"/>
  <testcase classname="com.testng.TC01" name="Test3" time="0.011"/>
</testsuite> <!-- com.testng.TC01 -->
