<?xml version="1.0" encoding="UTF-8"?>
<!-- Generated by org.testng.reporters.JUnitReportReporter -->
<testsuite hostname="DESKTOP-ASH3FGS" failures="0" tests="3" name="com.testng.FB_Login" time="0.160" errors="0" timestamp="2024-11-19T15:05:46 IST" skipped="0">
  <testcase classname="com.testng.FB_Login" name="verifyFBTitle" time="0.019"/>
  <testcase classname="com.testng.FB_Login" name="isFacebookLogoDisplayed" time="0.084"/>
  <testcase classname="com.testng.FB_Login" name="validateFBVisibleTxt" time="0.057"/>
</testsuite> <!-- com.testng.FB_Login -->
